<?xml version="1.0" encoding="UTF-8"?>
<!-- Generated by org.testng.reporters.JUnitReportReporter -->
<testsuite skipped="0" hostname="DESKTOP-C9I8USA" name="Scripts.Flipkart" tests="1" failures="0" timestamp="06 Mar 2019 20:05:53 GMT" time="83.783" errors="0">
  <testcase name="flipkart" time="83.783" classname="Scripts.Flipkart"/>
</testsuite> <!-- Scripts.Flipkart -->
