<?xml version="1.0" encoding="UTF-8"?>
<!-- Generated by org.testng.reporters.JUnitReportReporter -->
<testsuite skipped="0" hostname="DESKTOP-C9I8USA" name="Scripts.ThirdOptiom" tests="1" failures="0" timestamp="05 Mar 2019 19:16:30 GMT" time="42.755" errors="0">
  <testcase name="dropDown" time="42.755" classname="Scripts.ThirdOptiom"/>
</testsuite> <!-- Scripts.ThirdOptiom -->
