<?xml version="1.0" encoding="UTF-8"?>
<!-- Generated by org.testng.reporters.JUnitReportReporter -->
<testsuite skipped="0" hostname="DESKTOP-C9I8USA" name="Scripts.Toolsqa" tests="1" failures="0" timestamp="06 Mar 2019 19:50:16 GMT" time="38.176" errors="0">
  <testcase name="practiceForm" time="38.176" classname="Scripts.Toolsqa"/>
</testsuite> <!-- Scripts.Toolsqa -->
