<?xml version="1.0" encoding="UTF-8"?>
<!-- Generated by org.testng.reporters.JUnitReportReporter -->
<testsuite skipped="0" hostname="DESKTOP-C9I8USA" name="Scripts.SeleniumWaitTest" tests="1" failures="0" timestamp="03 Mar 2019 09:50:12 GMT" time="14.402" errors="0">
  <testcase name="f" time="14.402" classname="Scripts.SeleniumWaitTest"/>
</testsuite> <!-- Scripts.SeleniumWaitTest -->
