<?xml version="1.0" encoding="UTF-8"?>
<!-- Generated by org.testng.reporters.JUnitReportReporter -->
<testsuite skipped="0" hostname="DESKTOP-C9I8USA" name="TestNG.TestNGConfig1" tests="3" failures="0" timestamp="10 Mar 2019 09:57:59 GMT" time="0.010" errors="0">
  <testcase name="test2" time="0.001" classname="TestNG.TestNGConfig1"/>
  <testcase name="test3" time="0.002" classname="TestNG.TestNGConfig1"/>
  <testcase name="test1" time="0.007" classname="TestNG.TestNGConfig1"/>
</testsuite> <!-- TestNG.TestNGConfig1 -->
