<?xml version="1.0" encoding="UTF-8"?>
<!-- Generated by org.testng.reporters.JUnitReportReporter -->
<testsuite skipped="0" hostname="DESKTOP-C9I8USA" name="Scripts.RefreshMethods" tests="1" failures="0" timestamp="09 Mar 2019 07:06:08 GMT" time="14.046" errors="0">
  <testcase name="refreshMethods" time="14.046" classname="Scripts.RefreshMethods"/>
</testsuite> <!-- Scripts.RefreshMethods -->
