<?xml version="1.0" encoding="UTF-8"?>
<!-- Generated by org.testng.reporters.JUnitReportReporter -->
<testsuite skipped="0" hostname="DESKTOP-C9I8USA" name="Scripts.StoreArrayList" tests="1" failures="0" timestamp="05 Mar 2019 19:03:22 GMT" time="33.922" errors="0">
  <testcase name="printAllGoogleLinks" time="33.922" classname="Scripts.StoreArrayList"/>
</testsuite> <!-- Scripts.StoreArrayList -->
